Determining if the pthread_create exist failed with the following output:
Change Dir: /home/pham/qt_projects/taonghiep/CMakeFiles/CMakeTmp

Run Build Command:"/usr/bin/make" "cmTC_21b26/fast"
/usr/bin/make -f CMakeFiles/cmTC_21b26.dir/build.make CMakeFiles/cmTC_21b26.dir/build
make[1]: Entering directory '/home/pham/qt_projects/taonghiep/CMakeFiles/CMakeTmp'
Building C object CMakeFiles/cmTC_21b26.dir/CheckSymbolExists.c.o
/usr/bin/cc     -o CMakeFiles/cmTC_21b26.dir/CheckSymbolExists.c.o   -c /home/pham/qt_projects/taonghiep/CMakeFiles/CMakeTmp/CheckSymbolExists.c
Linking C executable cmTC_21b26
/usr/bin/cmake -E cmake_link_script CMakeFiles/cmTC_21b26.dir/link.txt --verbose=1
/usr/bin/cc       CMakeFiles/cmTC_21b26.dir/CheckSymbolExists.c.o  -o cmTC_21b26 -rdynamic 
CMakeFiles/cmTC_21b26.dir/CheckSymbolExists.c.o: In function `main':
CheckSymbolExists.c:(.text+0x16): undefined reference to `pthread_create'
collect2: error: ld returned 1 exit status
CMakeFiles/cmTC_21b26.dir/build.make:97: recipe for target 'cmTC_21b26' failed
make[1]: *** [cmTC_21b26] Error 1
make[1]: Leaving directory '/home/pham/qt_projects/taonghiep/CMakeFiles/CMakeTmp'
Makefile:126: recipe for target 'cmTC_21b26/fast' failed
make: *** [cmTC_21b26/fast] Error 2

File /home/pham/qt_projects/taonghiep/CMakeFiles/CMakeTmp/CheckSymbolExists.c:
/* */
#include <pthread.h>

int main(int argc, char** argv)
{
  (void)argv;
#ifndef pthread_create
  return ((int*)(&pthread_create))[argc];
#else
  (void)argc;
  return 0;
#endif
}

Determining if the function pthread_create exists in the pthreads failed with the following output:
Change Dir: /home/pham/qt_projects/taonghiep/CMakeFiles/CMakeTmp

Run Build Command:"/usr/bin/make" "cmTC_50b57/fast"
/usr/bin/make -f CMakeFiles/cmTC_50b57.dir/build.make CMakeFiles/cmTC_50b57.dir/build
make[1]: Entering directory '/home/pham/qt_projects/taonghiep/CMakeFiles/CMakeTmp'
Building C object CMakeFiles/cmTC_50b57.dir/CheckFunctionExists.c.o
/usr/bin/cc    -DCHECK_FUNCTION_EXISTS=pthread_create   -o CMakeFiles/cmTC_50b57.dir/CheckFunctionExists.c.o   -c /usr/share/cmake-3.5/Modules/CheckFunctionExists.c
Linking C executable cmTC_50b57
/usr/bin/cmake -E cmake_link_script CMakeFiles/cmTC_50b57.dir/link.txt --verbose=1
/usr/bin/cc   -DCHECK_FUNCTION_EXISTS=pthread_create    CMakeFiles/cmTC_50b57.dir/CheckFunctionExists.c.o  -o cmTC_50b57 -rdynamic -lpthreads 
/usr/bin/ld: cannot find -lpthreads
collect2: error: ld returned 1 exit status
CMakeFiles/cmTC_50b57.dir/build.make:97: recipe for target 'cmTC_50b57' failed
make[1]: *** [cmTC_50b57] Error 1
make[1]: Leaving directory '/home/pham/qt_projects/taonghiep/CMakeFiles/CMakeTmp'
Makefile:126: recipe for target 'cmTC_50b57/fast' failed
make: *** [cmTC_50b57/fast] Error 2


